2025-05-14T19:06:06.383+05:30  INFO 46972 --- [employeePayroll] [main] c.e.c.e.EmployeePayrollApplication       : Starting EmployeePayrollApplication using Java 17.0.12 with PID 46972 (C:\Users\vipashyna_sharma\campus_trainings\employeePayroll\employeePayroll\target\classes started by VipashynaSharma in C:\Users\vipashyna_sharma\campus_trainings\employeePayroll)
2025-05-14T19:06:06.392+05:30 DEBUG 46972 --- [employeePayroll] [main] c.e.c.e.EmployeePayrollApplication       : Running with Spring Boot v3.4.3, Spring v6.2.3
2025-05-14T19:06:06.392+05:30  INFO 46972 --- [employeePayroll] [main] c.e.c.e.EmployeePayrollApplication       : No active profile set, falling back to 1 default profile: "default"
2025-05-14T19:06:07.900+05:30  INFO 46972 --- [employeePayroll] [main] .s.d.r.c.RepositoryConfigurationDelegate : Bootstrapping Spring Data JPA repositories in DEFAULT mode.
2025-05-14T19:06:08.038+05:30  INFO 46972 --- [employeePayroll] [main] .s.d.r.c.RepositoryConfigurationDelegate : Finished Spring Data repository scanning in 127 ms. Found 4 JPA repository interfaces.
2025-05-14T19:06:09.294+05:30  INFO 46972 --- [employeePayroll] [main] o.s.b.w.embedded.tomcat.TomcatWebServer  : Tomcat initialized with port 8080 (http)
2025-05-14T19:06:09.329+05:30  INFO 46972 --- [employeePayroll] [main] o.apache.catalina.core.StandardService   : Starting service [Tomcat]
2025-05-14T19:06:09.329+05:30  INFO 46972 --- [employeePayroll] [main] o.apache.catalina.core.StandardEngine    : Starting Servlet engine: [Apache Tomcat/10.1.36]
2025-05-14T19:06:09.450+05:30  INFO 46972 --- [employeePayroll] [main] o.a.c.c.C.[Tomcat].[localhost].[/]       : Initializing Spring embedded WebApplicationContext
2025-05-14T19:06:09.456+05:30  INFO 46972 --- [employeePayroll] [main] w.s.c.ServletWebServerApplicationContext : Root WebApplicationContext: initialization completed in 2948 ms
2025-05-14T19:06:10.290+05:30  INFO 46972 --- [employeePayroll] [main] o.hibernate.jpa.internal.util.LogHelper  : HHH000204: Processing PersistenceUnitInfo [name: default]
2025-05-14T19:06:10.391+05:30  INFO 46972 --- [employeePayroll] [main] org.hibernate.Version                    : HHH000412: Hibernate ORM core version 6.6.8.Final
2025-05-14T19:06:10.449+05:30  INFO 46972 --- [employeePayroll] [main] o.h.c.internal.RegionFactoryInitiator    : HHH000026: Second-level cache disabled
2025-05-14T19:06:11.034+05:30  INFO 46972 --- [employeePayroll] [main] o.s.o.j.p.SpringPersistenceUnitInfo      : No LoadTimeWeaver setup: ignoring JPA class transformer
2025-05-14T19:06:11.074+05:30  INFO 46972 --- [employeePayroll] [main] com.zaxxer.hikari.HikariDataSource       : HikariPool-1 - Starting...
2025-05-14T19:06:11.866+05:30  INFO 46972 --- [employeePayroll] [main] com.zaxxer.hikari.pool.HikariPool        : HikariPool-1 - Added connection com.mysql.cj.jdbc.ConnectionImpl@1e606f64
2025-05-14T19:06:11.866+05:30  INFO 46972 --- [employeePayroll] [main] com.zaxxer.hikari.HikariDataSource       : HikariPool-1 - Start completed.
2025-05-14T19:06:12.006+05:30  WARN 46972 --- [employeePayroll] [main] org.hibernate.orm.deprecation            : HHH90000025: MySQL8Dialect does not need to be specified explicitly using 'hibernate.dialect' (remove the property setting and it will be selected by default)
2025-05-14T19:06:12.006+05:30  WARN 46972 --- [employeePayroll] [main] org.hibernate.orm.deprecation            : HHH90000026: MySQL8Dialect has been deprecated; use org.hibernate.dialect.MySQLDialect instead
2025-05-14T19:06:12.042+05:30  INFO 46972 --- [employeePayroll] [main] org.hibernate.orm.connections.pooling    : HHH10001005: Database info:
	Database JDBC URL [Connecting through datasource 'HikariDataSource (HikariPool-1)']
	Database driver: undefined/unknown
	Database version: 8.0
	Autocommit mode: undefined/unknown
	Isolation level: undefined/unknown
	Minimum pool size: undefined/unknown
	Maximum pool size: undefined/unknown
2025-05-14T19:06:13.692+05:30  INFO 46972 --- [employeePayroll] [main] o.h.e.t.j.p.i.JtaPlatformInitiator       : HHH000489: No JTA platform available (set 'hibernate.transaction.jta.platform' to enable JTA platform integration)
2025-05-14T19:06:13.929+05:30  INFO 46972 --- [employeePayroll] [main] j.LocalContainerEntityManagerFactoryBean : Initialized JPA EntityManagerFactory for persistence unit 'default'
2025-05-14T19:06:15.489+05:30  WARN 46972 --- [employeePayroll] [main] JpaBaseConfiguration$JpaWebConfiguration : spring.jpa.open-in-view is enabled by default. Therefore, database queries may be performed during view rendering. Explicitly configure spring.jpa.open-in-view to disable this warning
2025-05-14T19:06:15.582+05:30  INFO 46972 --- [employeePayroll] [main] r$InitializeUserDetailsManagerConfigurer : Global AuthenticationManager configured with UserDetailsService bean with name userDetailsImpl
2025-05-14T19:06:17.087+05:30  INFO 46972 --- [employeePayroll] [main] o.s.b.w.embedded.tomcat.TomcatWebServer  : Tomcat started on port 8080 (http) with context path '/'
2025-05-14T19:06:17.102+05:30  INFO 46972 --- [employeePayroll] [main] c.e.c.e.EmployeePayrollApplication       : Started EmployeePayrollApplication in 11.554 seconds (process running for 12.31)
2025-05-14T19:06:51.027+05:30  INFO 46972 --- [employeePayroll] [http-nio-8080-exec-1] o.a.c.c.C.[Tomcat].[localhost].[/]       : Initializing Spring DispatcherServlet 'dispatcherServlet'
2025-05-14T19:06:51.027+05:30  INFO 46972 --- [employeePayroll] [http-nio-8080-exec-1] o.s.web.servlet.DispatcherServlet        : Initializing Servlet 'dispatcherServlet'
2025-05-14T19:06:51.036+05:30  INFO 46972 --- [employeePayroll] [http-nio-8080-exec-1] o.s.web.servlet.DispatcherServlet        : Completed initialization in 9 ms
2025-05-14T19:06:51.367+05:30  INFO 46972 --- [employeePayroll] [http-nio-8080-exec-1] c.e.c.e.service.EmployeeService          : Processing login request for username: Miley Cirus
2025-05-14T19:06:52.075+05:30  INFO 46972 --- [employeePayroll] [http-nio-8080-exec-1] c.e.c.e.service.EmployeeService          : Login successful for username: Miley Cirus
2025-05-14T19:07:13.052+05:30  INFO 46972 --- [employeePayroll] [http-nio-8080-exec-3] c.e.c.e.controller.EmployeeController    : Fetching all employees
2025-05-14T19:07:13.054+05:30  INFO 46972 --- [employeePayroll] [http-nio-8080-exec-3] c.e.c.e.service.PayrollService           : Fetching all the employees
2025-05-14T19:07:13.130+05:30  INFO 46972 --- [employeePayroll] [http-nio-8080-exec-3] c.e.c.e.service.PayrollService           : Successfully retained all the job titles
2025-05-14T19:07:13.130+05:30  INFO 46972 --- [employeePayroll] [http-nio-8080-exec-3] c.e.c.e.controller.EmployeeController    : Retrieved 18 employees
2025-05-14T19:18:15.015+05:30  INFO 46972 --- [employeePayroll] [SpringApplicationShutdownHook] o.s.b.w.e.tomcat.GracefulShutdown        : Commencing graceful shutdown. Waiting for active requests to complete
2025-05-14T19:18:15.255+05:30  INFO 46972 --- [employeePayroll] [tomcat-shutdown] o.s.b.w.e.tomcat.GracefulShutdown        : Graceful shutdown complete
2025-05-14T19:18:15.255+05:30  INFO 46972 --- [employeePayroll] [SpringApplicationShutdownHook] j.LocalContainerEntityManagerFactoryBean : Closing JPA EntityManagerFactory for persistence unit 'default'
2025-05-14T19:18:15.271+05:30  INFO 46972 --- [employeePayroll] [SpringApplicationShutdownHook] com.zaxxer.hikari.HikariDataSource       : HikariPool-1 - Shutdown initiated...
2025-05-14T19:18:15.287+05:30  INFO 46972 --- [employeePayroll] [SpringApplicationShutdownHook] com.zaxxer.hikari.HikariDataSource       : HikariPool-1 - Shutdown completed.
